{"level":"info","message":"GET /api/blogs","method":"GET","url":"/api/blogs"}
{"level":"error","message":"GET"}
{"level":"info","message":"GET /api/blogs","method":"GET","url":"/api/blogs"}
{"level":"error","message":"GET"}
{"level":"info","message":"GET /api/blogs","method":"GET","url":"/api/blogs"}
{"level":"error","message":"GET"}
{"level":"info","message":"GET /api/blogs","method":"GET","url":"/api/blogs"}
{"level":"error","message":"GET"}
{"level":"info","message":"POST /api/users","method":"POST","url":"/api/users"}
{"level":"info","message":"POST /api/blogs","method":"POST","url":"/api/blogs"}
{"level":"error","message":"POST"}
{"level":"info","message":"POST /api/blogs","method":"POST","url":"/api/blogs"}
{"level":"error","message":"POST"}
{"level":"info","message":"POST /api/blogs","method":"POST","url":"/api/blogs"}
{"level":"error","message":"POST"}
{"level":"info","message":"POST /api/blogs","method":"POST","url":"/api/blogs"}
{"level":"error","message":"POST"}
{"level":"info","message":"POST /api/blogs","method":"POST","url":"/api/blogs"}
{"level":"error","message":"POST"}
{"level":"info","message":"GET /api/blogs","method":"GET","url":"/api/blogs"}
{"level":"error","message":"GET"}
{"level":"info","message":"GET /api/blogs","method":"GET","url":"/api/blogs"}
{"level":"error","message":"GET"}
{"level":"info","message":"POST /api/blogs","method":"POST","url":"/api/blogs"}
{"level":"error","message":"POST"}
{"level":"info","message":"POST /api/blogs","method":"POST","url":"/api/blogs"}
{"level":"error","message":"POST"}
{"level":"info","message":"GET /api/blogs","method":"GET","url":"/api/blogs"}
{"level":"error","message":"GET"}
{"level":"info","message":"GET /api/blogs","method":"GET","url":"/api/blogs"}
{"level":"error","message":"GET"}
{"level":"info","message":"GET /api/users","method":"GET","url":"/api/users"}
{"level":"info","message":"GET /api/users","method":"GET","url":"/api/users"}
{"level":"info","message":"GET /api/blogs","method":"GET","url":"/api/blogs"}
{"level":"error","message":"GET"}
{"level":"info","message":"POST /api/blogs","method":"POST","url":"/api/blogs"}
{"level":"error","message":"POST"}
{"level":"info","message":"GET /api/blogs","method":"GET","url":"/api/blogs"}
{"level":"error","message":"GET"}
{"level":"info","message":"GET /api/blogs","method":"GET","url":"/api/blogs"}
{"level":"error","message":"GET"}
{"level":"info","message":"GET /api/users","method":"GET","url":"/api/users"}
{"level":"info","message":"GET /api/blogs","method":"GET","url":"/api/blogs"}
{"level":"error","message":"GET"}
{"level":"info","message":"GET /api/users","method":"GET","url":"/api/users"}
{"level":"info","message":"GET /api/blogs","method":"GET","url":"/api/blogs"}
{"level":"error","message":"GET"}
{"level":"info","message":"GET /api/blogs","method":"GET","url":"/api/blogs"}
{"level":"error","message":"GET"}
{"level":"info","message":"POST /api/blogs","method":"POST","url":"/api/blogs"}
{"level":"error","message":"POST"}
{"level":"info","message":"GET /api/users","method":"GET","url":"/api/users"}
{"level":"info","message":"POST /api/blogs","method":"POST","url":"/api/blogs"}
{"level":"error","message":"POST"}
{"level":"info","message":"GET /api/blogs","method":"GET","url":"/api/blogs"}
{"level":"error","message":"GET"}
{"level":"info","message":"GET /api/blogs","method":"GET","url":"/api/blogs"}
{"level":"error","message":"GET"}
{"level":"info","message":"POST /api/blogs","method":"POST","url":"/api/blogs"}
{"level":"error","message":"POST"}
{"level":"info","message":"GET /api/blogs","method":"GET","url":"/api/blogs"}
{"level":"error","message":"GET"}
{"level":"info","message":"GET /api/blogs","method":"GET","url":"/api/blogs"}
{"level":"error","message":"GET"}
{"level":"info","message":"GET /api/blogs","method":"GET","url":"/api/blogs"}
{"level":"error","message":"GET"}
{"level":"info","message":"GET /api/users/","method":"GET","url":"/api/users/"}
{"level":"info","message":"GET /api/users/","method":"GET","url":"/api/users/"}
{"level":"info","message":"GET /api/users/","method":"GET","url":"/api/users/"}
{"level":"info","message":"GET /api/users/","method":"GET","url":"/api/users/"}
{"level":"info","message":"GET /api/users/","method":"GET","url":"/api/users/"}
{"level":"info","message":"GET /api/users/","method":"GET","url":"/api/users/"}
{"level":"info","message":"GET /api/users/","method":"GET","url":"/api/users/"}
{"level":"info","message":"GET /api/users/","method":"GET","url":"/api/users/"}
{"level":"info","message":"GET /api/users/","method":"GET","url":"/api/users/"}
{"level":"info","message":"GET /","method":"GET","url":"/"}
{"level":"error","message":"GET"}
{"level":"info","message":"GET /","method":"GET","url":"/"}
{"level":"error","message":"GET"}
{"level":"info","message":"GET /","method":"GET","url":"/"}
{"level":"error","message":"GET"}
{"level":"info","message":"GET /api/users","method":"GET","url":"/api/users"}
{"level":"info","message":"GET /api/users","method":"GET","url":"/api/users"}
{"level":"info","message":"GET /api/users","method":"GET","url":"/api/users"}
{"level":"info","message":"GET /api/users","method":"GET","url":"/api/users"}
{"level":"info","message":"GET /api/users","method":"GET","url":"/api/users"}
{"level":"info","message":"GET /api/users","method":"GET","url":"/api/users"}
{"level":"info","message":"GET /api/users","method":"GET","url":"/api/users"}
{"level":"info","message":"GET /api/users","method":"GET","url":"/api/users"}
{"level":"info","message":"GET /api/users","method":"GET","url":"/api/users"}
